<?xml version="1.0" encoding="UTF-8"?><testsuite name="nosetests" tests="55" errors="0" failures="0" skip="0"><testcase classname="rutter.tests.test_urlmap.Test__default_not_found_app" name="test_w_mapper" time="0.033"></testcase><testcase classname="rutter.tests.test_urlmap.Test__default_not_found_app" name="test_wo_mapper" time="0.000"></testcase><testcase classname="rutter.tests.test_urlmap.Test__normalize_url" name="test_w_empty_path_w_trim" time="0.000"></testcase><testcase classname="rutter.tests.test_urlmap.Test__normalize_url" name="test_w_empty_path_wo_trim" time="0.000"></testcase><testcase classname="rutter.tests.test_urlmap.Test__normalize_url" name="test_w_empty_string" time="0.000"></testcase><testcase classname="rutter.tests.test_urlmap.Test__normalize_url" name="test_w_list" time="0.000"></testcase><testcase classname="rutter.tests.test_urlmap.Test__normalize_url" name="test_w_non_empty_path_w_trim" time="0.000"></testcase><testcase classname="rutter.tests.test_urlmap.Test__normalize_url" name="test_w_non_empty_path_wo_trim" time="0.000"></testcase><testcase classname="rutter.tests.test_urlmap.Test__normalize_url" name="test_w_non_slash_path" time="0.000"></testcase><testcase classname="rutter.tests.test_urlmap.Test__normalize_url" name="test_w_string_w_http_domain" time="0.000"></testcase><testcase classname="rutter.tests.test_urlmap.Test__normalize_url" name="test_w_string_w_https_domain" time="0.000"></testcase><testcase classname="rutter.tests.test_urlmap.Test__normalize_url" name="test_w_string_wo_path" time="0.000"></testcase><testcase classname="rutter.tests.test_urlmap.Test__normalize_url" name="test_w_tuple" time="0.000"></testcase><testcase classname="rutter.tests.test_urlmap.Test__parse_path_expression" name="test_w_domain_duplicate" time="0.000"></testcase><testcase classname="rutter.tests.test_urlmap.Test__parse_path_expression" name="test_w_domain_empty" time="0.000"></testcase><testcase classname="rutter.tests.test_urlmap.Test__parse_path_expression" name="test_w_domain_port_empty" time="0.000"></testcase><testcase classname="rutter.tests.test_urlmap.Test__parse_path_expression" name="test_w_path_duplicate" time="0.000"></testcase><testcase classname="rutter.tests.test_urlmap.Test__parse_path_expression" name="test_w_port_duplicate" time="0.000"></testcase><testcase classname="rutter.tests.test_urlmap.Test__parse_path_expression" name="test_w_port_only" time="0.000"></testcase><testcase classname="rutter.tests.test_urlmap.Test__parse_path_expression" name="test_wo_domain_and_port" time="0.000"></testcase><testcase classname="rutter.tests.test_urlmap.Test__parse_path_expression" name="test_wo_domain_and_port_no_leading_slash" time="0.000"></testcase><testcase classname="rutter.tests.test_urlmap.Test__parse_path_expression" name="test_wo_domain_no_port" time="0.000"></testcase><testcase classname="rutter.tests.test_urlmap.Test__parse_path_expression" name="test_wo_domain_or_port" time="0.000"></testcase><testcase classname="rutter.tests.test_urlmap.Test_urlmap_factory" name="test_empty_w_global_notfound_app" time="0.000"></testcase><testcase classname="rutter.tests.test_urlmap.Test_urlmap_factory" name="test_empty_w_local_notfound_app" time="0.000"></testcase><testcase classname="rutter.tests.test_urlmap.Test_urlmap_factory" name="test_empty_wo_notfound_app" time="0.000"></testcase><testcase classname="rutter.tests.test_urlmap.Test_urlmap_factory" name="test_nonempty" time="0.000"></testcase><testcase classname="rutter.tests.test_urlmap.URLMapTests" name="test___call___w_HTTP_HOST_and_SERVER_NAME" time="0.000"></testcase><testcase classname="rutter.tests.test_urlmap.URLMapTests" name="test___call___w_empty" time="0.000"></testcase><testcase classname="rutter.tests.test_urlmap.URLMapTests" name="test___call___w_only_SERVER_NAME" time="0.000"></testcase><testcase classname="rutter.tests.test_urlmap.URLMapTests" name="test___call___w_port_in_HTTP_HOST" time="0.000"></testcase><testcase classname="rutter.tests.test_urlmap.URLMapTests" name="test___call___wo_port_in_HTTP_HOST_hit" time="0.000"></testcase><testcase classname="rutter.tests.test_urlmap.URLMapTests" name="test___call___wo_port_in_HTTP_HOST_hit_w_subpath" time="0.000"></testcase><testcase classname="rutter.tests.test_urlmap.URLMapTests" name="test___call___wo_port_in_HTTP_HOST_https_scheme" time="0.000"></testcase><testcase classname="rutter.tests.test_urlmap.URLMapTests" name="test___call___wo_port_in_HTTP_HOST_miss" time="0.000"></testcase><testcase classname="rutter.tests.test_urlmap.URLMapTests" name="test___delitem___hit" time="0.000"></testcase><testcase classname="rutter.tests.test_urlmap.URLMapTests" name="test___delitem___miss" time="0.000"></testcase><testcase classname="rutter.tests.test_urlmap.URLMapTests" name="test___getitem___hit" time="0.000"></testcase><testcase classname="rutter.tests.test_urlmap.URLMapTests" name="test___getitem___miss" time="0.000"></testcase><testcase classname="rutter.tests.test_urlmap.URLMapTests" name="test___iter___empty" time="0.000"></testcase><testcase classname="rutter.tests.test_urlmap.URLMapTests" name="test___iter___non_empty" time="0.000"></testcase><testcase classname="rutter.tests.test_urlmap.URLMapTests" name="test___len___empty" time="0.000"></testcase><testcase classname="rutter.tests.test_urlmap.URLMapTests" name="test___len___non_empty" time="0.000"></testcase><testcase classname="rutter.tests.test_urlmap.URLMapTests" name="test___setitem___sorts" time="0.000"></testcase><testcase classname="rutter.tests.test_urlmap.URLMapTests" name="test___setitem___w_app_None_hit" time="0.000"></testcase><testcase classname="rutter.tests.test_urlmap.URLMapTests" name="test___setitem___w_app_None_miss" time="0.000"></testcase><testcase classname="rutter.tests.test_urlmap.URLMapTests" name="test___setitem___w_existing" time="0.000"></testcase><testcase classname="rutter.tests.test_urlmap.URLMapTests" name="test___setitem___wo_existing" time="0.000"></testcase><testcase classname="rutter.tests.test_urlmap.URLMapTests" name="test__sort_apps_empty" time="0.000"></testcase><testcase classname="rutter.tests.test_urlmap.URLMapTests" name="test__sort_apps_non_empty" time="0.000"></testcase><testcase classname="rutter.tests.test_urlmap.URLMapTests" name="test__sort_apps_non_empty_w_domains" time="0.000"></testcase><testcase classname="rutter.tests.test_urlmap.URLMapTests" name="test_ctor_w_not_found_app" time="0.000"></testcase><testcase classname="rutter.tests.test_urlmap.URLMapTests" name="test_ctor_wo_not_found_app" time="0.000"></testcase><testcase classname="rutter.tests.test_urlmap.URLMapTests" name="test_keys_empty" time="0.000"></testcase><testcase classname="rutter.tests.test_urlmap.URLMapTests" name="test_keys_non_empty" time="0.000"></testcase></testsuite>